Determining if the pthread_create exist failed with the following output:
Change Dir: /home/ocs3/hku-atlas/src/ball_throwing/build/CMakeFiles/CMakeTmp

Run Build Command:/usr/bin/make "cmTryCompileExec3754004820/fast"
/usr/bin/make -f CMakeFiles/cmTryCompileExec3754004820.dir/build.make CMakeFiles/cmTryCompileExec3754004820.dir/build
make[1]: Entering directory `/home/ocs3/hku-atlas/src/ball_throwing/build/CMakeFiles/CMakeTmp'
/usr/bin/cmake -E cmake_progress_report /home/ocs3/hku-atlas/src/ball_throwing/build/CMakeFiles/CMakeTmp/CMakeFiles 1
Building C object CMakeFiles/cmTryCompileExec3754004820.dir/CheckSymbolExists.c.o
/usr/bin/cc    -o CMakeFiles/cmTryCompileExec3754004820.dir/CheckSymbolExists.c.o   -c /home/ocs3/hku-atlas/src/ball_throwing/build/CMakeFiles/CMakeTmp/CheckSymbolExists.c
Linking C executable cmTryCompileExec3754004820
/usr/bin/cmake -E cmake_link_script CMakeFiles/cmTryCompileExec3754004820.dir/link.txt --verbose=1
/usr/bin/cc       CMakeFiles/cmTryCompileExec3754004820.dir/CheckSymbolExists.c.o  -o cmTryCompileExec3754004820 -rdynamic 
CMakeFiles/cmTryCompileExec3754004820.dir/CheckSymbolExists.c.o: In function `main':
CheckSymbolExists.c:(.text+0x16): undefined reference to `pthread_create'
collect2: error: ld returned 1 exit status
make[1]: *** [cmTryCompileExec3754004820] Error 1
make[1]: Leaving directory `/home/ocs3/hku-atlas/src/ball_throwing/build/CMakeFiles/CMakeTmp'
make: *** [cmTryCompileExec3754004820/fast] Error 2

File /home/ocs3/hku-atlas/src/ball_throwing/build/CMakeFiles/CMakeTmp/CheckSymbolExists.c:
/* */
#include <pthread.h>

int main(int argc, char** argv)
{
  (void)argv;
#ifndef pthread_create
  return ((int*)(&pthread_create))[argc];
#else
  (void)argc;
  return 0;
#endif
}

Determining if the function pthread_create exists in the pthreads failed with the following output:
Change Dir: /home/ocs3/hku-atlas/src/ball_throwing/build/CMakeFiles/CMakeTmp

Run Build Command:/usr/bin/make "cmTryCompileExec3561865734/fast"
/usr/bin/make -f CMakeFiles/cmTryCompileExec3561865734.dir/build.make CMakeFiles/cmTryCompileExec3561865734.dir/build
make[1]: Entering directory `/home/ocs3/hku-atlas/src/ball_throwing/build/CMakeFiles/CMakeTmp'
/usr/bin/cmake -E cmake_progress_report /home/ocs3/hku-atlas/src/ball_throwing/build/CMakeFiles/CMakeTmp/CMakeFiles 1
Building C object CMakeFiles/cmTryCompileExec3561865734.dir/CheckFunctionExists.c.o
/usr/bin/cc   -DCHECK_FUNCTION_EXISTS=pthread_create   -o CMakeFiles/cmTryCompileExec3561865734.dir/CheckFunctionExists.c.o   -c /usr/share/cmake-2.8/Modules/CheckFunctionExists.c
Linking C executable cmTryCompileExec3561865734
/usr/bin/cmake -E cmake_link_script CMakeFiles/cmTryCompileExec3561865734.dir/link.txt --verbose=1
/usr/bin/cc   -DCHECK_FUNCTION_EXISTS=pthread_create    CMakeFiles/cmTryCompileExec3561865734.dir/CheckFunctionExists.c.o  -o cmTryCompileExec3561865734 -rdynamic -lpthreads 
/usr/bin/ld: cannot find -lpthreads
collect2: error: ld returned 1 exit status
make[1]: *** [cmTryCompileExec3561865734] Error 1
make[1]: Leaving directory `/home/ocs3/hku-atlas/src/ball_throwing/build/CMakeFiles/CMakeTmp'
make: *** [cmTryCompileExec3561865734/fast] Error 2


