Determining if the pthread_create exist failed with the following output:
Change Dir: /home/ocs3/hku-atlas/build/CMakeFiles/CMakeTmp

Run Build Command:/usr/bin/make "cmTryCompileExec2995095421/fast"
/usr/bin/make -f CMakeFiles/cmTryCompileExec2995095421.dir/build.make CMakeFiles/cmTryCompileExec2995095421.dir/build
make[1]: Entering directory `/home/ocs3/hku-atlas/build/CMakeFiles/CMakeTmp'
/usr/bin/cmake -E cmake_progress_report /home/ocs3/hku-atlas/build/CMakeFiles/CMakeTmp/CMakeFiles 1
Building C object CMakeFiles/cmTryCompileExec2995095421.dir/CheckSymbolExists.c.o
/usr/bin/cc    -o CMakeFiles/cmTryCompileExec2995095421.dir/CheckSymbolExists.c.o   -c /home/ocs3/hku-atlas/build/CMakeFiles/CMakeTmp/CheckSymbolExists.c
Linking C executable cmTryCompileExec2995095421
/usr/bin/cmake -E cmake_link_script CMakeFiles/cmTryCompileExec2995095421.dir/link.txt --verbose=1
/usr/bin/cc       CMakeFiles/cmTryCompileExec2995095421.dir/CheckSymbolExists.c.o  -o cmTryCompileExec2995095421 -rdynamic 
CMakeFiles/cmTryCompileExec2995095421.dir/CheckSymbolExists.c.o: In function `main':
CheckSymbolExists.c:(.text+0x16): undefined reference to `pthread_create'
collect2: error: ld returned 1 exit status
make[1]: Leaving directory `/home/ocs3/hku-atlas/build/CMakeFiles/CMakeTmp'
make[1]: *** [cmTryCompileExec2995095421] Error 1
make: *** [cmTryCompileExec2995095421/fast] Error 2

File /home/ocs3/hku-atlas/build/CMakeFiles/CMakeTmp/CheckSymbolExists.c:
/* */
#include <pthread.h>

int main(int argc, char** argv)
{
  (void)argv;
#ifndef pthread_create
  return ((int*)(&pthread_create))[argc];
#else
  (void)argc;
  return 0;
#endif
}

Determining if the function pthread_create exists in the pthreads failed with the following output:
Change Dir: /home/ocs3/hku-atlas/build/CMakeFiles/CMakeTmp

Run Build Command:/usr/bin/make "cmTryCompileExec735793066/fast"
/usr/bin/make -f CMakeFiles/cmTryCompileExec735793066.dir/build.make CMakeFiles/cmTryCompileExec735793066.dir/build
make[1]: Entering directory `/home/ocs3/hku-atlas/build/CMakeFiles/CMakeTmp'
/usr/bin/cmake -E cmake_progress_report /home/ocs3/hku-atlas/build/CMakeFiles/CMakeTmp/CMakeFiles 1
Building C object CMakeFiles/cmTryCompileExec735793066.dir/CheckFunctionExists.c.o
/usr/bin/cc   -DCHECK_FUNCTION_EXISTS=pthread_create   -o CMakeFiles/cmTryCompileExec735793066.dir/CheckFunctionExists.c.o   -c /usr/share/cmake-2.8/Modules/CheckFunctionExists.c
Linking C executable cmTryCompileExec735793066
/usr/bin/cmake -E cmake_link_script CMakeFiles/cmTryCompileExec735793066.dir/link.txt --verbose=1
/usr/bin/cc   -DCHECK_FUNCTION_EXISTS=pthread_create    CMakeFiles/cmTryCompileExec735793066.dir/CheckFunctionExists.c.o  -o cmTryCompileExec735793066 -rdynamic -lpthreads 
/usr/bin/ld: cannot find -lpthreads
collect2: error: ld returned 1 exit status
make[1]: Leaving directory `/home/ocs3/hku-atlas/build/CMakeFiles/CMakeTmp'
make[1]: *** [cmTryCompileExec735793066] Error 1
make: *** [cmTryCompileExec735793066/fast] Error 2


