Determining if the pthread_create exist failed with the following output:
Change Dir: /home/ocs3/hku-atlas/src/gazebo_plugin_tutorial/build/CMakeFiles/CMakeTmp

Run Build Command:/usr/bin/make "cmTryCompileExec2741292113/fast"
/usr/bin/make -f CMakeFiles/cmTryCompileExec2741292113.dir/build.make CMakeFiles/cmTryCompileExec2741292113.dir/build
make[1]: Entering directory `/home/ocs3/hku-atlas/src/gazebo_plugin_tutorial/build/CMakeFiles/CMakeTmp'
/usr/bin/cmake -E cmake_progress_report /home/ocs3/hku-atlas/src/gazebo_plugin_tutorial/build/CMakeFiles/CMakeTmp/CMakeFiles 1
Building C object CMakeFiles/cmTryCompileExec2741292113.dir/CheckSymbolExists.c.o
/usr/bin/cc    -o CMakeFiles/cmTryCompileExec2741292113.dir/CheckSymbolExists.c.o   -c /home/ocs3/hku-atlas/src/gazebo_plugin_tutorial/build/CMakeFiles/CMakeTmp/CheckSymbolExists.c
Linking C executable cmTryCompileExec2741292113
/usr/bin/cmake -E cmake_link_script CMakeFiles/cmTryCompileExec2741292113.dir/link.txt --verbose=1
/usr/bin/cc       CMakeFiles/cmTryCompileExec2741292113.dir/CheckSymbolExists.c.o  -o cmTryCompileExec2741292113 -rdynamic 
CMakeFiles/cmTryCompileExec2741292113.dir/CheckSymbolExists.c.o: In function `main':
CheckSymbolExists.c:(.text+0x16): undefined reference to `pthread_create'
collect2: error: ld returned 1 exit status
make[1]: Leaving directory `/home/ocs3/hku-atlas/src/gazebo_plugin_tutorial/build/CMakeFiles/CMakeTmp'
make[1]: *** [cmTryCompileExec2741292113] Error 1
make: *** [cmTryCompileExec2741292113/fast] Error 2

File /home/ocs3/hku-atlas/src/gazebo_plugin_tutorial/build/CMakeFiles/CMakeTmp/CheckSymbolExists.c:
/* */
#include <pthread.h>

int main(int argc, char** argv)
{
  (void)argv;
#ifndef pthread_create
  return ((int*)(&pthread_create))[argc];
#else
  (void)argc;
  return 0;
#endif
}

Determining if the function pthread_create exists in the pthreads failed with the following output:
Change Dir: /home/ocs3/hku-atlas/src/gazebo_plugin_tutorial/build/CMakeFiles/CMakeTmp

Run Build Command:/usr/bin/make "cmTryCompileExec2685529131/fast"
/usr/bin/make -f CMakeFiles/cmTryCompileExec2685529131.dir/build.make CMakeFiles/cmTryCompileExec2685529131.dir/build
make[1]: Entering directory `/home/ocs3/hku-atlas/src/gazebo_plugin_tutorial/build/CMakeFiles/CMakeTmp'
/usr/bin/cmake -E cmake_progress_report /home/ocs3/hku-atlas/src/gazebo_plugin_tutorial/build/CMakeFiles/CMakeTmp/CMakeFiles 1
Building C object CMakeFiles/cmTryCompileExec2685529131.dir/CheckFunctionExists.c.o
/usr/bin/cc   -DCHECK_FUNCTION_EXISTS=pthread_create   -o CMakeFiles/cmTryCompileExec2685529131.dir/CheckFunctionExists.c.o   -c /usr/share/cmake-2.8/Modules/CheckFunctionExists.c
Linking C executable cmTryCompileExec2685529131
/usr/bin/cmake -E cmake_link_script CMakeFiles/cmTryCompileExec2685529131.dir/link.txt --verbose=1
/usr/bin/cc   -DCHECK_FUNCTION_EXISTS=pthread_create    CMakeFiles/cmTryCompileExec2685529131.dir/CheckFunctionExists.c.o  -o cmTryCompileExec2685529131 -rdynamic -lpthreads 
/usr/bin/ld: cannot find -lpthreads
collect2: error: ld returned 1 exit status
make[1]: Leaving directory `/home/ocs3/hku-atlas/src/gazebo_plugin_tutorial/build/CMakeFiles/CMakeTmp'
make[1]: *** [cmTryCompileExec2685529131] Error 1
make: *** [cmTryCompileExec2685529131/fast] Error 2


